
/home/runner/work/exp-cryptographic-hash-function-properties-au/exp-cryptographic-hash-function-properties-au/experiment/simulation/js/index-ghAJxmQw.js
    1:1205    warning  'global' is not defined                                                          no-undef
    9:1629    warning  Do not access Object.prototype method 'hasOwnProperty' from target object        no-prototype-builtins
    9:5033    warning  Do not access Object.prototype method 'hasOwnProperty' from target object        no-prototype-builtins
   17:403     warning  Do not access Object.prototype method 'hasOwnProperty' from target object        no-prototype-builtins
   25:1023    warning  'setImmediate' is not defined                                                    no-undef
   33:623     warning  Unexpected combined character in character class                                 no-misleading-character-class
   33:3076    warning  Unnecessary escape character: \-                                                 no-useless-escape
   33:4979    warning  Do not access Object.prototype method 'hasOwnProperty' from target object        no-prototype-builtins
   37:210     warning  Expected a conditional expression and instead saw an assignment                  no-cond-assign
   37:1224    warning  Empty block statement                                                            no-empty
   37:2397    warning  Do not access Object.prototype method 'hasOwnProperty' from target object        no-prototype-builtins
   37:3887    warning  Do not access Object.prototype method 'hasOwnProperty' from target object        no-prototype-builtins
   37:3928    warning  Do not access Object.prototype method 'hasOwnProperty' from target object        no-prototype-builtins
   37:4095    warning  Do not access Object.prototype method 'hasOwnProperty' from target object        no-prototype-builtins
   37:4122    warning  Do not access Object.prototype method 'hasOwnProperty' from target object        no-prototype-builtins
   37:4718    warning  Do not access Object.prototype method 'hasOwnProperty' from target object        no-prototype-builtins
   37:6073    warning  'MSApp' is not defined                                                           no-undef
   37:6122    warning  'MSApp' is not defined                                                           no-undef
   37:7503    warning  Do not access Object.prototype method 'hasOwnProperty' from target object        no-prototype-builtins
   37:7596    warning  Do not access Object.prototype method 'hasOwnProperty' from target object        no-prototype-builtins
   37:8691    warning  Expected a conditional expression and instead saw an assignment                  no-cond-assign
   37:9716    warning  Expected to return a value in method 'get'                                       getter-return
   37:9849    warning  '$' is defined but never used                                                    no-unused-vars
   37:9851    warning  '_e' is defined but never used                                                   no-unused-vars
   37:9854    warning  'et' is defined but never used                                                   no-unused-vars
   37:9857    warning  'tt' is defined but never used                                                   no-unused-vars
   37:9860    warning  'rt' is defined but never used                                                   no-unused-vars
   37:9863    warning  'nt' is defined but never used                                                   no-unused-vars
   37:10041   warning  's' is defined but never used                                                    no-unused-vars
   37:10043   warning  'o' is defined but never used                                                    no-unused-vars
   37:10045   warning  'a' is defined but never used                                                    no-unused-vars
   37:10047   warning  '$' is defined but never used                                                    no-unused-vars
   37:10049   warning  '_e' is defined but never used                                                   no-unused-vars
   37:10052   warning  'et' is defined but never used                                                   no-unused-vars
   37:10055   warning  'tt' is defined but never used                                                   no-unused-vars
   37:10058   warning  'rt' is defined but never used                                                   no-unused-vars
   37:10061   warning  'nt' is defined but never used                                                   no-unused-vars
   37:10114   warning  's' is defined but never used                                                    no-unused-vars
   37:10116   warning  'o' is defined but never used                                                    no-unused-vars
   37:10118   warning  'a' is defined but never used                                                    no-unused-vars
   37:10120   warning  '$' is defined but never used                                                    no-unused-vars
   37:10122   warning  '_e' is defined but never used                                                   no-unused-vars
   37:10125   warning  'et' is defined but never used                                                   no-unused-vars
   37:10128   warning  'tt' is defined but never used                                                   no-unused-vars
   37:10131   warning  'rt' is defined but never used                                                   no-unused-vars
   37:10134   warning  'nt' is defined but never used                                                   no-unused-vars
   37:12031   warning  Empty block statement                                                            no-empty
   37:20042   warning  Do not access Object.prototype method 'hasOwnProperty' from target object        no-prototype-builtins
   37:20395   warning  Invalid typeof comparison value                                                  valid-typeof
   37:20569   warning  Invalid typeof comparison value                                                  valid-typeof
   37:22448   warning  Expected a conditional expression and instead saw an assignment                  no-cond-assign
   37:28028   warning  Expected a conditional expression and instead saw an assignment                  no-cond-assign
   37:29494   warning  Do not access Object.prototype method 'hasOwnProperty' from target object        no-prototype-builtins
   37:33691   warning  Expected a 'break' statement before 'case'                                       no-fallthrough
   37:33884   warning  Expected a 'break' statement before 'case'                                       no-fallthrough
   37:35064   warning  Expected a conditional expression and instead saw an assignment                  no-cond-assign
   37:36675   warning  Expected a 'break' statement before 'case'                                       no-fallthrough
   37:38193   warning  Unexpected control character(s) in regular expression: \x00                      no-control-regex
   38:1514    warning  Expected a conditional expression and instead saw an assignment                  no-cond-assign
   38:1614    warning  Expected a conditional expression and instead saw an assignment                  no-cond-assign
   38:15601   warning  Expected a 'break' statement before 'case'                                       no-fallthrough
   38:16112   warning  Unexpected constant condition                                                    no-constant-condition
   38:16733   warning  Expected a conditional expression and instead saw an assignment                  no-cond-assign
   38:23393   warning  Empty block statement                                                            no-empty
   38:23402   warning  Empty block statement                                                            no-empty
   38:26766   warning  Expected a conditional expression and instead saw an assignment                  no-cond-assign
   38:27663   warning  Expected a conditional expression and instead saw an assignment                  no-cond-assign
   40:4073    warning  Expected a conditional expression and instead saw an assignment                  no-cond-assign
   40:5259    warning  Expected a conditional expression and instead saw an assignment                  no-cond-assign
   40:13264   warning  Do not access Object.prototype method 'hasOwnProperty' from target object        no-prototype-builtins
   40:13287   warning  Do not access Object.prototype method 'hasOwnProperty' from target object        no-prototype-builtins
   40:13367   warning  Do not access Object.prototype method 'hasOwnProperty' from target object        no-prototype-builtins
   40:13556   warning  Do not access Object.prototype method 'hasOwnProperty' from target object        no-prototype-builtins
   40:13671   warning  Do not access Object.prototype method 'hasOwnProperty' from target object        no-prototype-builtins
   40:13761   warning  Do not access Object.prototype method 'hasOwnProperty' from target object        no-prototype-builtins
   40:13788   warning  Do not access Object.prototype method 'hasOwnProperty' from target object        no-prototype-builtins
   40:13845   warning  Do not access Object.prototype method 'hasOwnProperty' from target object        no-prototype-builtins
   40:14236   warning  Do not access Object.prototype method 'hasOwnProperty' from target object        no-prototype-builtins
   40:16464   warning  Do not access Object.prototype method 'hasOwnProperty' from target object        no-prototype-builtins
   40:16760   warning  Do not access Object.prototype method 'hasOwnProperty' from target object        no-prototype-builtins
   40:17217   warning  Unnecessary escape character: \/                                                 no-useless-escape
   40:18117   warning  Do not access Object.prototype method 'hasOwnProperty' from target object        no-prototype-builtins
   40:18447   warning  Do not access Object.prototype method 'hasOwnProperty' from target object        no-prototype-builtins
   40:26616   warning  Empty block statement                                                            no-empty
   40:26650   warning  Expected a 'break' statement before 'case'                                       no-fallthrough
   40:30898   warning  Do not access Object.prototype method 'hasOwnProperty' from target object        no-prototype-builtins
   40:31927   warning  'o' is defined but never used                                                    no-unused-vars
   40:31929   warning  'a' is defined but never used                                                    no-unused-vars
   40:31956   warning  'o' is defined but never used                                                    no-unused-vars
   40:31958   warning  'a' is defined but never used                                                    no-unused-vars
   40:35710   warning  Unexpected constant condition                                                    no-constant-condition
   40:40344   warning  Unexpected constant condition                                                    no-constant-condition
   40:40627   warning  Unexpected constant condition                                                    no-constant-condition
   40:43724   warning  Empty block statement                                                            no-empty
   40:54401   warning  Expected a conditional expression and instead saw an assignment                  no-cond-assign
   40:55834   warning  'Gb' is a function                                                               no-func-assign
   40:55840   warning  'Hb' is a function                                                               no-func-assign
   40:56758   warning  '__REACT_DEVTOOLS_GLOBAL_HOOK__' is not defined                                  no-undef
   40:56857   warning  Empty block statement                                                            no-empty
   40:59185   warning  '__REACT_DEVTOOLS_GLOBAL_HOOK__' is not defined                                  no-undef
   40:59242   warning  '__REACT_DEVTOOLS_GLOBAL_HOOK__' is not defined                                  no-undef
   40:61488   warning  '_extends$2' is a function                                                       no-func-assign
   40:67421   warning  Empty block statement                                                            no-empty
   40:67990   warning  Expected a conditional expression and instead saw an assignment                  no-cond-assign
   40:70608   warning  Expected a 'break' statement before 'case'                                       no-fallthrough
   40:70905   warning  Expected a 'break' statement before 'case'                                       no-fallthrough
   40:70964   warning  Expected a 'break' statement before 'case'                                       no-fallthrough
   40:71143   warning  Expected a 'break' statement before 'default'                                    no-fallthrough
   40:71561   warning  Expected a 'break' statement before 'default'                                    no-fallthrough
   40:72561   warning  Expected a 'break' statement before 'case'                                       no-fallthrough
   40:73434   warning  Expected a 'break' statement before 'default'                                    no-fallthrough
   40:73463   warning  Expected a conditional expression and instead saw an assignment                  no-cond-assign
   40:75810   warning  Expected a 'break' statement before 'case'                                       no-fallthrough
   40:76052   warning  Expected a 'break' statement before 'case'                                       no-fallthrough
   47:4181    warning  Expected a 'break' statement before 'case'                                       no-fallthrough
   47:4218    warning  Expected a 'break' statement before 'case'                                       no-fallthrough
   47:5656    warning  'noComponentSelectorMessage' is assigned a value but never used                  no-unused-vars
   47:8399    warning  'o' is a function                                                                no-func-assign
   47:20267   warning  '$' is defined but never used                                                    no-unused-vars
   55:5707    warning  'a' is defined but never used                                                    no-unused-vars
   55:5715    warning  '$' is assigned a value but never used                                           no-unused-vars
   55:7825    warning  Empty block statement                                                            no-empty
   55:11567   warning  'o' is defined but never used                                                    no-unused-vars
   55:13074   warning  'a' is defined but never used                                                    no-unused-vars
   55:13381   warning  'a' is defined but never used                                                    no-unused-vars
   55:13782   warning  'a' is defined but never used                                                    no-unused-vars
   55:13939   warning  'a' is defined but never used                                                    no-unused-vars
   55:15413   warning  Do not access Object.prototype method 'hasOwnProperty' from target object        no-prototype-builtins
   55:17075   warning  Do not access Object.prototype method 'hasOwnProperty' from target object        no-prototype-builtins
   55:24505   warning  '_getRequireWildcardCache' is a function                                         no-func-assign
   63:2501    warning  '_setPrototypeOf$1' is a function                                                no-func-assign
  136:17863   warning  Do not access Object.prototype method 'hasOwnProperty' from target object        no-prototype-builtins
  137:7362    warning  'Jt' is defined but never used                                                   no-unused-vars
  137:91443   warning  '__g' is not defined                                                             no-undef
  137:91574   warning  '__e' is not defined                                                             no-undef
  137:93760   warning  Empty block statement                                                            no-empty
  137:95550   warning  Do not access Object.prototype method 'propertyIsEnumerable' from target object  no-prototype-builtins
  137:98461   warning  'it' is defined but never used                                                   no-unused-vars
  137:108416  warning  Empty block statement                                                            no-empty
  137:119574  warning  '_typeof$6' is a function                                                        no-func-assign
  137:119613  warning  '_typeof$6' is a function                                                        no-func-assign
  137:123640  warning  '_typeof$5' is a function                                                        no-func-assign
  137:123679  warning  '_typeof$5' is a function                                                        no-func-assign
  137:129549  warning  Empty block statement                                                            no-empty
  138:1163    warning  '_typeof$4' is a function                                                        no-func-assign
  138:1202    warning  '_typeof$4' is a function                                                        no-func-assign
  138:15318   warning  Empty block statement                                                            no-empty
  145:6663    warning  '_typeof$3' is a function                                                        no-func-assign
  145:6702    warning  '_typeof$3' is a function                                                        no-func-assign
  145:9207    warning  Unnecessary escape character: \?                                                 no-useless-escape
  145:9377    warning  Empty block statement                                                            no-empty
  145:101824  warning  'rt' is defined but never used                                                   no-unused-vars
  145:193200  warning  '_typeof$2' is a function                                                        no-func-assign
  145:193239  warning  '_typeof$2' is a function                                                        no-func-assign
  145:193485  warning  'dt' is defined but never used                                                   no-unused-vars
  145:194595  warning  Empty block statement                                                            no-empty
  145:195205  warning  '_typeof$1' is a function                                                        no-func-assign
  145:195244  warning  '_typeof$1' is a function                                                        no-func-assign
  145:226642  warning  '_typeof' is a function                                                          no-func-assign
  145:226679  warning  '_typeof' is a function                                                          no-func-assign
  145:259316  warning  'o' is defined but never used                                                    no-unused-vars
  145:259782  warning  Empty block statement                                                            no-empty
  145:259908  warning  Empty block statement                                                            no-empty
  145:259995  warning  Empty block statement                                                            no-empty
  145:260328  warning  Do not access Object.prototype method 'hasOwnProperty' from target object        no-prototype-builtins
  145:260608  warning  Do not access Object.prototype method 'hasOwnProperty' from target object        no-prototype-builtins
  145:260649  warning  Do not access Object.prototype method 'hasOwnProperty' from target object        no-prototype-builtins
  145:263734  warning  'o' is defined but never used                                                    no-unused-vars
  145:264571  warning  'o' is defined but never used                                                    no-unused-vars
  145:265499  warning  'o' is defined but never used                                                    no-unused-vars
  145:266523  warning  'o' is defined but never used                                                    no-unused-vars
  145:267777  warning  'o' is defined but never used                                                    no-unused-vars
  145:269159  warning  'o' is defined but never used                                                    no-unused-vars
  145:273144  warning  'o' is defined but never used                                                    no-unused-vars
  145:274493  warning  'o' is defined but never used                                                    no-unused-vars
  145:276276  warning  'o' is defined but never used                                                    no-unused-vars
  145:276293  warning  '_e' is defined but never used                                                   no-unused-vars
  145:276916  warning  'o' is defined but never used                                                    no-unused-vars
  145:276933  warning  '_e' is defined but never used                                                   no-unused-vars
  145:280930  warning  'hr' is already defined                                                          no-redeclare
  145:280939  warning  'xr' is already defined                                                          no-redeclare
  145:280968  warning  'hr' is already defined                                                          no-redeclare
  145:280977  warning  'xr' is already defined                                                          no-redeclare
  145:281006  warning  'hr' is already defined                                                          no-redeclare
  145:281015  warning  'xr' is already defined                                                          no-redeclare
  145:282246  warning  'o' is defined but never used                                                    no-unused-vars
  145:282263  warning  '_e' is defined but never used                                                   no-unused-vars
  145:283096  warning  'o' is defined but never used                                                    no-unused-vars
  145:283113  warning  '_e' is defined but never used                                                   no-unused-vars
  145:283434  warning  'mt' is already defined                                                          no-redeclare
  145:283457  warning  'ut' is already defined                                                          no-redeclare
  145:284304  warning  'yt' is already defined                                                          no-redeclare
  145:284385  warning  'kt' is already defined                                                          no-redeclare
  145:284461  warning  'St' is already defined                                                          no-redeclare
  145:284488  warning  'At' is already defined                                                          no-redeclare
  145:284514  warning  'Rt' is already defined                                                          no-redeclare
  145:284534  warning  'yt' is already defined                                                          no-redeclare
  145:284601  warning  'St' is already defined                                                          no-redeclare
  145:284604  warning  'At' is already defined                                                          no-redeclare
  145:284607  warning  'yt' is already defined                                                          no-redeclare
  145:284847  warning  'kt' is already defined                                                          no-redeclare
  145:284870  warning  'Rt' is already defined                                                          no-redeclare
  145:284890  warning  'xt' is already defined                                                          no-redeclare
  145:284901  warning  'yt' is already defined                                                          no-redeclare
  145:285029  warning  'yt' is already defined                                                          no-redeclare
  145:285951  warning  'o' is defined but never used                                                    no-unused-vars
  154:22      warning  '$' is defined but never used                                                    no-unused-vars
  154:1514    warning  'Et' is already defined                                                          no-redeclare
  154:3047    warning  'o' is defined but never used                                                    no-unused-vars
  154:3965    warning  'o' is defined but never used                                                    no-unused-vars
  154:3982    warning  '_e' is defined but never used                                                   no-unused-vars
  154:4935    warning  'o' is defined but never used                                                    no-unused-vars
  154:4952    warning  '_e' is defined but never used                                                   no-unused-vars
  154:5797    warning  'o' is defined but never used                                                    no-unused-vars
  154:5814    warning  '_e' is defined but never used                                                   no-unused-vars
  154:9856    warning  'Mt' is already defined                                                          no-redeclare
  154:10652   warning  'o' is defined but never used                                                    no-unused-vars
  154:10669   warning  '_e' is defined but never used                                                   no-unused-vars
  154:11468   warning  'o' is defined but never used                                                    no-unused-vars
  154:11485   warning  '_e' is defined but never used                                                   no-unused-vars
  154:12141   warning  'o' is defined but never used                                                    no-unused-vars
  154:12158   warning  '_e' is defined but never used                                                   no-unused-vars
  158:827     warning  'o' is defined but never used                                                    no-unused-vars
  158:844     warning  '_e' is defined but never used                                                   no-unused-vars
  158:1428    warning  'o' is defined but never used                                                    no-unused-vars
  158:1445    warning  '_e' is defined but never used                                                   no-unused-vars
  158:1967    warning  'o' is defined but never used                                                    no-unused-vars
  158:1984    warning  '_e' is defined but never used                                                   no-unused-vars
  158:2486    warning  'o' is defined but never used                                                    no-unused-vars
  158:2503    warning  '_e' is defined but never used                                                   no-unused-vars
  158:3014    warning  'o' is defined but never used                                                    no-unused-vars
  158:3031    warning  '_e' is defined but never used                                                   no-unused-vars
  158:3508    warning  'o' is defined but never used                                                    no-unused-vars
  158:3525    warning  '_e' is defined but never used                                                   no-unused-vars
  158:3761    warning  'et' is already defined                                                          no-redeclare
  158:4060    warning  'o' is defined but never used                                                    no-unused-vars
  158:4077    warning  '_e' is defined but never used                                                   no-unused-vars
  158:4413    warning  'o' is defined but never used                                                    no-unused-vars
  158:4430    warning  '_e' is defined but never used                                                   no-unused-vars
  158:4526    warning  '$' is defined but never used                                                    no-unused-vars
  158:4900    warning  'o' is defined but never used                                                    no-unused-vars
  158:4917    warning  '_e' is defined but never used                                                   no-unused-vars
  158:5266    warning  'pt' is already defined                                                          no-redeclare
  158:5496    warning  'At' is already defined                                                          no-redeclare
  158:6263    warning  'St' is already defined                                                          no-redeclare
  158:6284    warning  'st' is already defined                                                          no-redeclare
  158:6303    warning  'st' is already defined                                                          no-redeclare
  158:6647    warning  'vt' is already defined                                                          no-redeclare
  158:7151    warning  'xt' is already defined                                                          no-redeclare
  158:7230    warning  'Ct' is already defined                                                          no-redeclare
  158:7309    warning  'Tt' is already defined                                                          no-redeclare
  158:7388    warning  'Pt' is already defined                                                          no-redeclare
  158:7728    warning  'o' is defined but never used                                                    no-unused-vars
  158:7745    warning  '_e' is defined but never used                                                   no-unused-vars
  158:16227   warning  'pt' is already defined                                                          no-redeclare
  158:16371   warning  'pt' is already defined                                                          no-redeclare
  158:16470   warning  'pt' is already defined                                                          no-redeclare
  158:18468   warning  'o' is defined but never used                                                    no-unused-vars
  158:18485   warning  '_e' is defined but never used                                                   no-unused-vars
  158:18815   warning  'ct' is already defined                                                          no-redeclare
  158:19624   warning  'o' is defined but never used                                                    no-unused-vars
  158:19641   warning  '_e' is defined but never used                                                   no-unused-vars
  158:20383   warning  'ct' is already defined                                                          no-redeclare
  158:20420   warning  'ct' is already defined                                                          no-redeclare
  158:20737   warning  'ct' is already defined                                                          no-redeclare
  158:21611   warning  'ct' is already defined                                                          no-redeclare
  158:22395   warning  'o' is defined but never used                                                    no-unused-vars
  158:22412   warning  '_e' is defined but never used                                                   no-unused-vars
  158:23099   warning  'mt' is already defined                                                          no-redeclare
  158:23416   warning  'mt' is already defined                                                          no-redeclare
  158:24290   warning  'ct' is already defined                                                          no-redeclare
  158:25078   warning  'o' is defined but never used                                                    no-unused-vars
  158:25095   warning  '_e' is defined but never used                                                   no-unused-vars
  158:38045   warning  'o' is defined but never used                                                    no-unused-vars
  158:38062   warning  '_e' is defined but never used                                                   no-unused-vars
  158:64703   warning  'setShowMD5' is not defined                                                      no-undef
  158:66664   warning  'tt' is assigned a value but never used                                          no-unused-vars
  158:66837   warning  'ut' is assigned a value but never used                                          no-unused-vars
  158:106976  warning  'Bt' is assigned a value but never used                                          no-unused-vars
  158:137286  warning  'yt' is assigned a value but never used                                          no-unused-vars
  158:137317  warning  'Et' is assigned a value but never used                                          no-unused-vars
  158:137351  warning  'St' is assigned a value but never used                                          no-unused-vars
  158:137419  warning  'Ft' is assigned a value but never used                                          no-unused-vars
  158:137552  warning  'Tt' is assigned a value but never used                                          no-unused-vars

✖ 284 problems (0 errors, 284 warnings)

